<?xml version="1.0" encoding="UTF-8"?>
<testng-results skipped="0" failed="0" ignored="0" total="6" passed="6">
  <reporter-output>
  </reporter-output>
  <suite name="Heroku App Sample Test Automation Regression Suite" duration-ms="76610" started-at="2020-08-18T14:03:11Z" finished-at="2020-08-18T14:04:28Z">
    <groups>
    </groups>
    <test name="Heroku App Sample Test Cases" duration-ms="76610" started-at="2020-08-18T14:03:11Z" finished-at="2020-08-18T14:04:28Z">
      <class name="com.HerokuAppTests.ExitIntentTest">
        <test-method status="PASS" signature="setUp()[pri:0, instance:com.HerokuAppTests.ExitIntentTest@91161c7]" name="setUp" is-config="true" duration-ms="10142" started-at="2020-08-18T10:03:24Z" finished-at="2020-08-18T10:03:35Z">
          <reporter-output>
          </reporter-output>
        </test-method> <!-- setUp -->
        <test-method status="PASS" signature="exitIntentTxtIsDisplayed()[pri:1, instance:com.HerokuAppTests.ExitIntentTest@91161c7]" name="exitIntentTxtIsDisplayed" duration-ms="52" started-at="2020-08-18T10:03:35Z" finished-at="2020-08-18T10:03:35Z">
          <reporter-output>
          </reporter-output>
        </test-method> <!-- exitIntentTxtIsDisplayed -->
        <test-method status="PASS" signature="tearDown()[pri:0, instance:com.HerokuAppTests.ExitIntentTest@91161c7]" name="tearDown" is-config="true" duration-ms="587" started-at="2020-08-18T10:03:35Z" finished-at="2020-08-18T10:03:35Z">
          <reporter-output>
          </reporter-output>
        </test-method> <!-- tearDown -->
      </class> <!-- com.HerokuAppTests.ExitIntentTest -->
      <class name="com.HerokuAppTests.LoginPageTest">
        <test-method status="PASS" signature="setUp()[pri:0, instance:com.HerokuAppTests.LoginPageTest@5c3bd550]" name="setUp" is-config="true" duration-ms="12667" started-at="2020-08-18T10:03:11Z" finished-at="2020-08-18T10:03:24Z">
          <reporter-output>
          </reporter-output>
        </test-method> <!-- setUp -->
        <test-method status="PASS" signature="loginPageTitleTest()[pri:1, instance:com.HerokuAppTests.LoginPageTest@5c3bd550]" name="loginPageTitleTest" duration-ms="20" started-at="2020-08-18T10:03:24Z" finished-at="2020-08-18T10:03:24Z">
          <reporter-output>
          </reporter-output>
        </test-method> <!-- loginPageTitleTest -->
        <test-method status="PASS" signature="tearDown()[pri:0, instance:com.HerokuAppTests.LoginPageTest@5c3bd550]" name="tearDown" is-config="true" duration-ms="579" started-at="2020-08-18T10:03:24Z" finished-at="2020-08-18T10:03:24Z">
          <reporter-output>
          </reporter-output>
        </test-method> <!-- tearDown -->
        <test-method status="PASS" signature="setUp()[pri:0, instance:com.HerokuAppTests.LoginPageTest@5c3bd550]" name="setUp" is-config="true" duration-ms="10157" started-at="2020-08-18T10:04:04Z" finished-at="2020-08-18T10:04:14Z">
          <reporter-output>
          </reporter-output>
        </test-method> <!-- setUp -->
        <test-method status="PASS" signature="loginTestShould()[pri:2, instance:com.HerokuAppTests.LoginPageTest@5c3bd550]" name="loginTestShould" duration-ms="1501" started-at="2020-08-18T10:04:14Z" finished-at="2020-08-18T10:04:15Z">
          <reporter-output>
          </reporter-output>
        </test-method> <!-- loginTestShould -->
        <test-method status="PASS" signature="tearDown()[pri:0, instance:com.HerokuAppTests.LoginPageTest@5c3bd550]" name="tearDown" is-config="true" duration-ms="621" started-at="2020-08-18T10:04:15Z" finished-at="2020-08-18T10:04:16Z">
          <reporter-output>
          </reporter-output>
        </test-method> <!-- tearDown -->
        <test-method status="PASS" signature="setUp()[pri:0, instance:com.HerokuAppTests.LoginPageTest@5c3bd550]" name="setUp" is-config="true" duration-ms="10639" started-at="2020-08-18T10:04:16Z" finished-at="2020-08-18T10:04:27Z">
          <reporter-output>
          </reporter-output>
        </test-method> <!-- setUp -->
        <test-method status="PASS" signature="failedLoginTestShould()[pri:3, instance:com.HerokuAppTests.LoginPageTest@5c3bd550]" name="failedLoginTestShould" duration-ms="484" started-at="2020-08-18T10:04:27Z" finished-at="2020-08-18T10:04:27Z">
          <reporter-output>
          </reporter-output>
        </test-method> <!-- failedLoginTestShould -->
        <test-method status="PASS" signature="tearDown()[pri:0, instance:com.HerokuAppTests.LoginPageTest@5c3bd550]" name="tearDown" is-config="true" duration-ms="594" started-at="2020-08-18T10:04:27Z" finished-at="2020-08-18T10:04:28Z">
          <reporter-output>
          </reporter-output>
        </test-method> <!-- tearDown -->
      </class> <!-- com.HerokuAppTests.LoginPageTest -->
      <class name="com.HerokuAppTests.DynamicControlsTest">
        <test-method status="PASS" signature="setUp()[pri:0, instance:com.HerokuAppTests.DynamicControlsTest@604ed9f0]" name="setUp" is-config="true" duration-ms="10446" started-at="2020-08-18T10:03:35Z" finished-at="2020-08-18T10:03:46Z">
          <reporter-output>
          </reporter-output>
        </test-method> <!-- setUp -->
        <test-method status="PASS" signature="enableAndDisableButtonShould()[pri:1, instance:com.HerokuAppTests.DynamicControlsTest@604ed9f0]" name="enableAndDisableButtonShould" duration-ms="6509" started-at="2020-08-18T10:03:46Z" finished-at="2020-08-18T10:03:52Z">
          <reporter-output>
          </reporter-output>
        </test-method> <!-- enableAndDisableButtonShould -->
        <test-method status="PASS" signature="tearDown()[pri:0, instance:com.HerokuAppTests.DynamicControlsTest@604ed9f0]" name="tearDown" is-config="true" duration-ms="591" started-at="2020-08-18T10:03:52Z" finished-at="2020-08-18T10:03:53Z">
          <reporter-output>
          </reporter-output>
        </test-method> <!-- tearDown -->
      </class> <!-- com.HerokuAppTests.DynamicControlsTest -->
      <class name="com.HerokuAppTests.WindowsTest">
        <test-method status="PASS" signature="setUp()[pri:0, instance:com.HerokuAppTests.WindowsTest@6a4f787b]" name="setUp" is-config="true" duration-ms="10222" started-at="2020-08-18T10:03:53Z" finished-at="2020-08-18T10:04:03Z">
          <reporter-output>
          </reporter-output>
        </test-method> <!-- setUp -->
        <test-method status="PASS" signature="shouldClickToOpenNewWindow()[pri:1, instance:com.HerokuAppTests.WindowsTest@6a4f787b]" name="shouldClickToOpenNewWindow" duration-ms="164" started-at="2020-08-18T10:04:03Z" finished-at="2020-08-18T10:04:03Z">
          <reporter-output>
          </reporter-output>
        </test-method> <!-- shouldClickToOpenNewWindow -->
        <test-method status="PASS" signature="tearDown()[pri:0, instance:com.HerokuAppTests.WindowsTest@6a4f787b]" name="tearDown" is-config="true" duration-ms="598" started-at="2020-08-18T10:04:03Z" finished-at="2020-08-18T10:04:04Z">
          <reporter-output>
          </reporter-output>
        </test-method> <!-- tearDown -->
      </class> <!-- com.HerokuAppTests.WindowsTest -->
    </test> <!-- Heroku App Sample Test Cases -->
  </suite> <!-- Heroku App Sample Test Automation Regression Suite -->
</testng-results>
