<?xml version="1.0" encoding="UTF-8"?>
<testng-results skipped="0" failed="0" ignored="0" total="6" passed="6">
  <reporter-output>
  </reporter-output>
  <suite name="Heroku App Sample Test Automation Regression Suite" duration-ms="77827" started-at="2020-08-18T14:35:56Z" finished-at="2020-08-18T14:37:13Z">
    <groups>
    </groups>
    <test name="Heroku App Sample Test Cases" duration-ms="77827" started-at="2020-08-18T14:35:56Z" finished-at="2020-08-18T14:37:13Z">
      <class name="com.HerokuAppTests.ExitIntentTest">
        <test-method status="PASS" signature="setUp()[pri:0, instance:com.HerokuAppTests.ExitIntentTest@91161c7]" name="setUp" is-config="true" duration-ms="10386" started-at="2020-08-18T10:36:10Z" finished-at="2020-08-18T10:36:20Z">
          <reporter-output>
          </reporter-output>
        </test-method> <!-- setUp -->
        <test-method status="PASS" signature="exitIntentTxtIsDisplayed()[pri:1, instance:com.HerokuAppTests.ExitIntentTest@91161c7]" name="exitIntentTxtIsDisplayed" duration-ms="67" started-at="2020-08-18T10:36:20Z" finished-at="2020-08-18T10:36:20Z">
          <reporter-output>
          </reporter-output>
        </test-method> <!-- exitIntentTxtIsDisplayed -->
        <test-method status="PASS" signature="tearDown()[pri:0, instance:com.HerokuAppTests.ExitIntentTest@91161c7]" name="tearDown" is-config="true" duration-ms="609" started-at="2020-08-18T10:36:20Z" finished-at="2020-08-18T10:36:21Z">
          <reporter-output>
          </reporter-output>
        </test-method> <!-- tearDown -->
      </class> <!-- com.HerokuAppTests.ExitIntentTest -->
      <class name="com.HerokuAppTests.LoginPageTest">
        <test-method status="PASS" signature="setUp()[pri:0, instance:com.HerokuAppTests.LoginPageTest@5c3bd550]" name="setUp" is-config="true" duration-ms="13535" started-at="2020-08-18T10:35:56Z" finished-at="2020-08-18T10:36:09Z">
          <reporter-output>
          </reporter-output>
        </test-method> <!-- setUp -->
        <test-method status="PASS" signature="loginPageTitleTest()[pri:1, instance:com.HerokuAppTests.LoginPageTest@5c3bd550]" name="loginPageTitleTest" duration-ms="16" started-at="2020-08-18T10:36:09Z" finished-at="2020-08-18T10:36:09Z">
          <reporter-output>
          </reporter-output>
        </test-method> <!-- loginPageTitleTest -->
        <test-method status="PASS" signature="tearDown()[pri:0, instance:com.HerokuAppTests.LoginPageTest@5c3bd550]" name="tearDown" is-config="true" duration-ms="589" started-at="2020-08-18T10:36:09Z" finished-at="2020-08-18T10:36:10Z">
          <reporter-output>
          </reporter-output>
        </test-method> <!-- tearDown -->
        <test-method status="PASS" signature="setUp()[pri:0, instance:com.HerokuAppTests.LoginPageTest@5c3bd550]" name="setUp" is-config="true" duration-ms="10271" started-at="2020-08-18T10:36:50Z" finished-at="2020-08-18T10:37:00Z">
          <reporter-output>
          </reporter-output>
        </test-method> <!-- setUp -->
        <test-method status="PASS" signature="loginTestShould()[pri:2, instance:com.HerokuAppTests.LoginPageTest@5c3bd550]" name="loginTestShould" duration-ms="1531" started-at="2020-08-18T10:37:00Z" finished-at="2020-08-18T10:37:01Z">
          <reporter-output>
          </reporter-output>
        </test-method> <!-- loginTestShould -->
        <test-method status="PASS" signature="tearDown()[pri:0, instance:com.HerokuAppTests.LoginPageTest@5c3bd550]" name="tearDown" is-config="true" duration-ms="604" started-at="2020-08-18T10:37:01Z" finished-at="2020-08-18T10:37:02Z">
          <reporter-output>
          </reporter-output>
        </test-method> <!-- tearDown -->
        <test-method status="PASS" signature="setUp()[pri:0, instance:com.HerokuAppTests.LoginPageTest@5c3bd550]" name="setUp" is-config="true" duration-ms="10339" started-at="2020-08-18T10:37:02Z" finished-at="2020-08-18T10:37:12Z">
          <reporter-output>
          </reporter-output>
        </test-method> <!-- setUp -->
        <test-method status="PASS" signature="failedLoginTestShould()[pri:3, instance:com.HerokuAppTests.LoginPageTest@5c3bd550]" name="failedLoginTestShould" duration-ms="461" started-at="2020-08-18T10:37:12Z" finished-at="2020-08-18T10:37:13Z">
          <reporter-output>
          </reporter-output>
        </test-method> <!-- failedLoginTestShould -->
        <test-method status="PASS" signature="tearDown()[pri:0, instance:com.HerokuAppTests.LoginPageTest@5c3bd550]" name="tearDown" is-config="true" duration-ms="605" started-at="2020-08-18T10:37:13Z" finished-at="2020-08-18T10:37:13Z">
          <reporter-output>
          </reporter-output>
        </test-method> <!-- tearDown -->
      </class> <!-- com.HerokuAppTests.LoginPageTest -->
      <class name="com.HerokuAppTests.DynamicControlsTest">
        <test-method status="PASS" signature="setUp()[pri:0, instance:com.HerokuAppTests.DynamicControlsTest@604ed9f0]" name="setUp" is-config="true" duration-ms="10675" started-at="2020-08-18T10:36:21Z" finished-at="2020-08-18T10:36:31Z">
          <reporter-output>
          </reporter-output>
        </test-method> <!-- setUp -->
        <test-method status="PASS" signature="enableAndDisableButtonShould()[pri:1, instance:com.HerokuAppTests.DynamicControlsTest@604ed9f0]" name="enableAndDisableButtonShould" duration-ms="6532" started-at="2020-08-18T10:36:31Z" finished-at="2020-08-18T10:36:38Z">
          <reporter-output>
          </reporter-output>
        </test-method> <!-- enableAndDisableButtonShould -->
        <test-method status="PASS" signature="tearDown()[pri:0, instance:com.HerokuAppTests.DynamicControlsTest@604ed9f0]" name="tearDown" is-config="true" duration-ms="603" started-at="2020-08-18T10:36:38Z" finished-at="2020-08-18T10:36:39Z">
          <reporter-output>
          </reporter-output>
        </test-method> <!-- tearDown -->
      </class> <!-- com.HerokuAppTests.DynamicControlsTest -->
      <class name="com.HerokuAppTests.WindowsTest">
        <test-method status="PASS" signature="setUp()[pri:0, instance:com.HerokuAppTests.WindowsTest@6a4f787b]" name="setUp" is-config="true" duration-ms="10227" started-at="2020-08-18T10:36:39Z" finished-at="2020-08-18T10:36:49Z">
          <reporter-output>
          </reporter-output>
        </test-method> <!-- setUp -->
        <test-method status="PASS" signature="shouldClickToOpenNewWindow()[pri:1, instance:com.HerokuAppTests.WindowsTest@6a4f787b]" name="shouldClickToOpenNewWindow" duration-ms="139" started-at="2020-08-18T10:36:49Z" finished-at="2020-08-18T10:36:49Z">
          <reporter-output>
          </reporter-output>
        </test-method> <!-- shouldClickToOpenNewWindow -->
        <test-method status="PASS" signature="tearDown()[pri:0, instance:com.HerokuAppTests.WindowsTest@6a4f787b]" name="tearDown" is-config="true" duration-ms="601" started-at="2020-08-18T10:36:49Z" finished-at="2020-08-18T10:36:50Z">
          <reporter-output>
          </reporter-output>
        </test-method> <!-- tearDown -->
      </class> <!-- com.HerokuAppTests.WindowsTest -->
    </test> <!-- Heroku App Sample Test Cases -->
  </suite> <!-- Heroku App Sample Test Automation Regression Suite -->
</testng-results>
