<?xml version="1.0" encoding="UTF-8"?>
<!-- Generated by org.testng.reporters.JUnitXMLReporter -->
<testsuite hostname="DESKTOP-OHLANKH" ignored="0" name="Heroku App Sample Test Cases" tests="6" failures="0" timestamp="18 Aug 2020 14:04:28 GMT" time="76.61" errors="0">
  <testcase name="loginPageTitleTest" time="0.02" classname="com.HerokuAppTests.LoginPageTest"/>
  <testcase name="exitIntentTxtIsDisplayed" time="0.052" classname="com.HerokuAppTests.ExitIntentTest"/>
  <testcase name="enableAndDisableButtonShould" time="6.509" classname="com.HerokuAppTests.DynamicControlsTest"/>
  <testcase name="shouldClickToOpenNewWindow" time="0.164" classname="com.HerokuAppTests.WindowsTest"/>
  <testcase name="loginTestShould" time="1.501" classname="com.HerokuAppTests.LoginPageTest"/>
  <testcase name="failedLoginTestShould" time="0.484" classname="com.HerokuAppTests.LoginPageTest"/>
</testsuite> <!-- Heroku App Sample Test Cases -->
