<?xml version="1.0" encoding="UTF-8"?>
<!-- Generated by org.testng.reporters.JUnitXMLReporter -->
<testsuite hostname="DESKTOP-OHLANKH" ignored="0" name="Heroku App Sample Test Cases" tests="6" failures="0" timestamp="18 Aug 2020 14:37:13 GMT" time="77.827" errors="0">
  <testcase name="loginPageTitleTest" time="0.016" classname="com.HerokuAppTests.LoginPageTest"/>
  <testcase name="exitIntentTxtIsDisplayed" time="0.067" classname="com.HerokuAppTests.ExitIntentTest"/>
  <testcase name="enableAndDisableButtonShould" time="6.532" classname="com.HerokuAppTests.DynamicControlsTest"/>
  <testcase name="shouldClickToOpenNewWindow" time="0.139" classname="com.HerokuAppTests.WindowsTest"/>
  <testcase name="loginTestShould" time="1.531" classname="com.HerokuAppTests.LoginPageTest"/>
  <testcase name="failedLoginTestShould" time="0.461" classname="com.HerokuAppTests.LoginPageTest"/>
</testsuite> <!-- Heroku App Sample Test Cases -->
